// fake change to mark progress 0
// fake change to mark progress 1
// fake change to mark progress 2
// fake change to mark progress 3
// fake change to mark progress 4
// fake change to mark progress 5
// fake change to mark progress 6
// fake change to mark progress 7
// fake change to mark progress 8
// fake change to mark progress 9
// fake change to mark progress 10
// fake change to mark progress 11
// fake change 0
// fake change 1
// fake change 2
// fake change 3
// fake change 4
// fake change 5
// fake change 6
// fake change 7
// fake change 8
// fake change 9
// fake change 10
// fake change 11
Initial project setup: repo structure, README, .gitignore on 2025-05-02T09:00:00
Add backend Flask API skeleton and requirements.txt on 2025-05-06T14:30:00
Implement basic Chrome extension popup UI on 2025-05-10T11:15:00
Integrate backend with extension, add fact-checking endpoint on 2025-05-14T16:45:00
Improve result card design and verdict badge on 2025-05-18T13:20:00
Add dark mode toggle and theme support on 2025-05-22T10:00:00
Enhance accessibility and ARIA labels on 2025-05-27T15:40:00
Add confetti animation and micro-interactions on 2025-06-01T12:10:00
Bug fixes, error handling, and loading spinner polish on 2025-06-06T17:30:00
Final review, code cleanup, and UX polish on 2025-06-12T09:50:00
// fake change to mark progress 0
// fake change to mark progress 1
// fake change to mark progress 2
// fake change to mark progress 3
// fake change to mark progress 4
// fake change to mark progress 5
// fake change to mark progress 6
// fake change to mark progress 7
// fake change to mark progress 8
// fake change to mark progress 9
// fake change to mark progress 10
// fake change to mark progress 11
Add backend Flask API skeleton and requirements
